2024/04/28 16:46:35 - Kitchen - Logging is at level : Basic
2024/04/28 16:46:35 - Kitchen - Start of run.
2024/04/28 16:46:37 - rekon_sisi_dana - Start of job execution
2024/04/28 16:46:37 - rekon_sisi_dana - Starting entry [set_variable]
2024/04/28 16:46:37 - set_variable - Using run configuration [Pentaho local]
2024/04/28 16:46:37 - set_variable - Dispatching started for transformation [set_variable]
2024/04/28 16:46:38 - get_variable.0 - Finished reading query, closing connection
2024/04/28 16:46:38 - Set variables.0 - Setting environment variables...
2024/04/28 16:46:38 - Set variables.0 - Set variable ID_REKON to value [dana28040241646384638]
2024/04/28 16:46:38 - Set variables.0 - Set variable VAL_DATE to value [20231227]
2024/04/28 16:46:38 - Set variables.0 - Finished after 1 rows.
2024/04/28 16:46:38 - Set variables.0 - Finished processing (I=0, O=0, R=1, W=1, U=0, E=0)
2024/04/28 16:46:38 - get_variable.0 - Finished processing (I=1, O=0, R=0, W=1, U=0, E=0)
2024/04/28 16:46:38 - rekon_sisi_dana - Starting entry [insert_id_rekon]
2024/04/28 16:46:39 - rekon_sisi_dana - Starting entry [proses_rekon_dana]
2024/04/28 16:46:41 - rekon_sisi_dana - Starting entry [insert_table_flag_dana]
2024/04/28 16:46:43 - rekon_sisi_dana - Starting entry [Success]
2024/04/28 16:46:43 - rekon_sisi_dana - Finished job entry [Success] (result=[true])
2024/04/28 16:46:43 - rekon_sisi_dana - Finished job entry [insert_table_flag_dana] (result=[true])
2024/04/28 16:46:43 - rekon_sisi_dana - Finished job entry [proses_rekon_dana] (result=[true])
2024/04/28 16:46:43 - rekon_sisi_dana - Finished job entry [insert_id_rekon] (result=[true])
2024/04/28 16:46:43 - rekon_sisi_dana - Finished job entry [set_variable] (result=[true])
2024/04/28 16:46:43 - rekon_sisi_dana - Job execution finished
2024/04/28 16:46:43 - Kitchen - Finished!
2024/04/28 16:46:43 - Kitchen - Start=2024/04/28 16:46:37.410, Stop=2024/04/28 16:46:43.108
2024/04/28 16:46:43 - Kitchen - Processing ended after 5 seconds.
